<?xml version="1.0" encoding="UTF-8"?>
<!-- Generated by org.testng.reporters.JUnitXMLReporter -->
<testsuite hostname="DESKTOP-VLQB1T1" ignored="0" name="Default test" tests="3" failures="0" timestamp="14 Mar 2018 09:42:52 GMT" time="50.36" errors="0">
  <testcase name="opendashboard" time="12.677" classname="in.zipgo.automation_framework.tests.RegressionLevelthreeMembership"/>
  <testcase name="logintodashboard" time="8.193" classname="in.zipgo.automation_framework.tests.RegressionLevelthreeMembership"/>
  <testcase name="discountbasedmembership" time="29.449" classname="in.zipgo.automation_framework.tests.RegressionLevelthreeMembership"/>
</testsuite> <!-- Default test -->
